<?xml version="1.0" encoding="UTF-8"?>
<!-- Generated by org.testng.reporters.JUnitReportReporter -->
<testsuite hostname="DESKTOP-USQNNQA" failures="0" tests="2" name="com.mystore.testcases.IndexPageTest" time="22.309" errors="0" timestamp="2024-07-14T14:53:14 WIB" skipped="0">
  <testcase classname="com.mystore.testcases.IndexPageTest" name="verifyTitle" time="13.489"/>
  <system-out/>
  <testcase classname="com.mystore.testcases.IndexPageTest" name="verifyLogo" time="8.820"/>
  <system-out/>
</testsuite> <!-- com.mystore.testcases.IndexPageTest -->
