<?xml version="1.0" encoding="UTF-8"?>
<!-- Generated by org.testng.reporters.JUnitReportReporter -->
<testsuite hostname="DESKTOP-USQNNQA" failures="0" tests="1" name="com.mystore.testcases.LoginPageTest" time="16.420" errors="0" timestamp="2024-07-12T10:51:14 WIB" skipped="0">
  <testcase classname="com.mystore.testcases.LoginPageTest" name="loginTest" time="16.420"/>
  <system-out/>
</testsuite> <!-- com.mystore.testcases.LoginPageTest -->
