<?xml version="1.0" encoding="UTF-8"?>
<!-- Generated by org.testng.reporters.JUnitReportReporter -->
<testsuite hostname="DESKTOP-USQNNQA" failures="0" tests="1" name="com.mystore.testcases.AccountCreationTest" time="18.386" errors="0" timestamp="2024-07-14T14:07:00 WIB" skipped="0">
  <testcase classname="com.mystore.testcases.AccountCreationTest" name="createAccountTest" time="18.386"/>
  <system-out/>
</testsuite> <!-- com.mystore.testcases.AccountCreationTest -->
