<?xml version="1.0" encoding="UTF-8"?>
<!-- Generated by org.testng.reporters.JUnitReportReporter -->
<testsuite hostname="DESKTOP-USQNNQA" failures="0" tests="1" name="com.mystore.testcases.SearchResultPageTest" time="19.493" errors="0" timestamp="2024-07-14T14:04:08 WIB" skipped="0">
  <testcase classname="com.mystore.testcases.SearchResultPageTest" name="productAvailabilityTest" time="19.493"/>
  <system-out/>
</testsuite> <!-- com.mystore.testcases.SearchResultPageTest -->
